<?xml version="1.0" encoding="UTF-8"?>
<testng-results skipped="0" failed="0" ignored="0" total="1" passed="1">
  <reporter-output>
  </reporter-output>
  <suite name="demo.Test" duration-ms="63" started-at="2018-06-15T07:42:07Z" finished-at="2018-06-15T07:42:07Z">
    <groups>
    </groups>
    <test name="Command line test" duration-ms="63" started-at="2018-06-15T07:42:07Z" finished-at="2018-06-15T07:42:07Z">
      <class name="demo.Test">
        <test-method status="PASS" signature="main()[pri:0, instance:demo.Test@6bdf28bb]" name="main" duration-ms="17" started-at="2018-06-15T07:42:07Z" finished-at="2018-06-15T07:42:07Z">
          <reporter-output>
          </reporter-output>
        </test-method> <!-- main -->
      </class> <!-- demo.Test -->
    </test> <!-- Command line test -->
  </suite> <!-- demo.Test -->
</testng-results>
